Streaming transaction logs mentioning u8Jw4y4seuWQYPMpZHwFGiPLUzXi1vFrKm6MB5Kiy8f. Confirmed commitment
Transaction executed in slot 446989316:
  Signature: 46gBZaSAbBu84wrvTJv3bze6LdXdrWfykWTFv14CgJRZo9YYDSJZsVkmxFSkroqDTvLzVVhJSi86crjC8jpLCbcF
  Status: Ok
  Log Messages:
    Program u8Jw4y4seuWQYPMpZHwFGiPLUzXi1vFrKm6MB5Kiy8f invoke [1]
    Program log: Instruction: CreateCapsule
    Program 11111111111111111111111111111111 invoke [2]
    Program 11111111111111111111111111111111 success
    Program data: cYT3xtkvyd8V79VV1Jsz4VpcQaELiOGNOScmHhyW3dkAJuZA8H9NwBoAAAB0ZXN0LWNhcHN1bGUtMTc3Mjk0NzU0OTE2M91ZrmkAAAAAAAAAAAAAAAA=
    Program u8Jw4y4seuWQYPMpZHwFGiPLUzXi1vFrKm6MB5Kiy8f consumed 8984 of 200000 compute units
    Program u8Jw4y4seuWQYPMpZHwFGiPLUzXi1vFrKm6MB5Kiy8f success
Transaction executed in slot 446989319:
  Signature: 3g8Me7t96Wj5qz6sb5gr8D9BFFJkLQgq3ouA8sUgQFT6zQhakQ9qsG4aWjiUt8g2YfSms1nwgJikuX93JbLGxNMj
  Status: Ok
  Log Messages:
    Program u8Jw4y4seuWQYPMpZHwFGiPLUzXi1vFrKm6MB5Kiy8f invoke [1]
    Program log: Instruction: CreateCapsule
    Program 11111111111111111111111111111111 invoke [2]
    Program 11111111111111111111111111111111 success
    Program 11111111111111111111111111111111 invoke [2]
    Program 11111111111111111111111111111111 success
    Program data: cYT3xtkvyd8V79VV1Jsz4VpcQaELiOGNOScmHhyW3dkAJuZA8H9NwBQAAABlc2Nyb3ctMTc3Mjk0NzU1MDU2Mt5ZrmkAAAAAAOH1BQAAAAA=
    Program u8Jw4y4seuWQYPMpZHwFGiPLUzXi1vFrKm6MB5Kiy8f consumed 11995 of 200000 compute units
    Program u8Jw4y4seuWQYPMpZHwFGiPLUzXi1vFrKm6MB5Kiy8f success
